Connecting to database specified by database.yml
Connecting to database specified by database.yml
Connecting to database specified by database.yml
Compiled jquery.js  (24ms)  (pid 18137)
Compiled jquery_ujs.js  (0ms)  (pid 18137)
Compiled bootstrap-transition.js  (0ms)  (pid 18137)
Compiled bootstrap-alert.js  (0ms)  (pid 18137)
Compiled bootstrap-button.js  (0ms)  (pid 18137)
Compiled bootstrap-carousel.js  (0ms)  (pid 18137)
Compiled bootstrap-collapse.js  (0ms)  (pid 18137)
Compiled bootstrap-dropdown.js  (0ms)  (pid 18137)
Compiled bootstrap-modal.js  (0ms)  (pid 18137)
Compiled bootstrap-scrollspy.js  (0ms)  (pid 18137)
Compiled bootstrap-tab.js  (0ms)  (pid 18137)
Compiled bootstrap-tooltip.js  (0ms)  (pid 18137)
Compiled bootstrap-popover.js  (0ms)  (pid 18137)
Compiled bootstrap-typeahead.js  (0ms)  (pid 18137)
Compiled bootstrap.js  (90ms)  (pid 18137)
Compiled comment.js  (62ms)  (pid 18137)
Compiled home.js  (0ms)  (pid 18137)
Compiled like.js  (0ms)  (pid 18137)
Compiled shots.js  (0ms)  (pid 18137)
Compiled application.js  (203ms)  (pid 18137)
Compiled bootstrap_and_overrides.css  (1227ms)  (pid 18137)
Compiled comment.css  (1ms)  (pid 18137)
Compiled home.css  (1ms)  (pid 18137)
Compiled like.css  (0ms)  (pid 18137)
Compiled scaffolds.css  (7ms)  (pid 18137)
Compiled shots.css  (0ms)  (pid 18137)
Compiled application.css  (1339ms)  (pid 18137)
Connecting to database specified by database.yml
Compiled jquery.js  (24ms)  (pid 18137)
Compiled jquery_ujs.js  (0ms)  (pid 18137)
Compiled bootstrap-transition.js  (0ms)  (pid 18137)
Compiled bootstrap-alert.js  (0ms)  (pid 18137)
Compiled bootstrap-button.js  (0ms)  (pid 18137)
Compiled bootstrap-carousel.js  (0ms)  (pid 18137)
Compiled bootstrap-collapse.js  (0ms)  (pid 18137)
Compiled bootstrap-dropdown.js  (0ms)  (pid 18137)
Compiled bootstrap-modal.js  (0ms)  (pid 18137)
Compiled bootstrap-scrollspy.js  (0ms)  (pid 18137)
Compiled bootstrap-tab.js  (0ms)  (pid 18137)
Compiled bootstrap-tooltip.js  (0ms)  (pid 18137)
Compiled bootstrap-popover.js  (0ms)  (pid 18137)
Compiled bootstrap-typeahead.js  (0ms)  (pid 18137)
Compiled bootstrap.js  (64ms)  (pid 18137)
Compiled comment.js  (85ms)  (pid 18137)
Compiled home.js  (0ms)  (pid 18137)
Compiled like.js  (0ms)  (pid 18137)
Compiled shots.js  (0ms)  (pid 18137)
Compiled application.js  (198ms)  (pid 18137)
Compiled bootstrap_and_overrides.css  (1236ms)  (pid 18137)
Compiled comment.css  (1ms)  (pid 18137)
Compiled home.css  (0ms)  (pid 18137)
Compiled like.css  (0ms)  (pid 18137)
Compiled scaffolds.css  (7ms)  (pid 18137)
Compiled shots.css  (0ms)  (pid 18137)
Compiled application.css  (1312ms)  (pid 18137)
Connecting to database specified by database.yml
Connecting to database specified by database.yml
Connecting to database specified by database.yml


Started GET "/" for 127.0.0.1 at 2012-09-14 02:56:31 -0430

ActiveRecord::StatementInvalid (PG::Error: ERROR:  relation "users" does not exist
LINE 4:              WHERE a.attrelid = '"users"'::regclass
                                        ^
:             SELECT a.attname, format_type(a.atttypid, a.atttypmod), d.adsrc, a.attnotnull
              FROM pg_attribute a LEFT JOIN pg_attrdef d
                ON a.attrelid = d.adrelid AND a.attnum = d.adnum
             WHERE a.attrelid = '"users"'::regclass
               AND a.attnum > 0 AND NOT a.attisdropped
             ORDER BY a.attnum
):
  activerecord (3.2.8) lib/active_record/connection_adapters/postgresql_adapter.rb:1158:in `async_exec'
  activerecord (3.2.8) lib/active_record/connection_adapters/postgresql_adapter.rb:1158:in `exec_no_cache'
  activerecord (3.2.8) lib/active_record/connection_adapters/postgresql_adapter.rb:664:in `block in exec_query'
  activerecord (3.2.8) lib/active_record/connection_adapters/abstract_adapter.rb:280:in `block in log'
  activesupport (3.2.8) lib/active_support/notifications/instrumenter.rb:20:in `instrument'
  activerecord (3.2.8) lib/active_record/connection_adapters/abstract_adapter.rb:275:in `log'
  activerecord (3.2.8) lib/active_record/connection_adapters/postgresql_adapter.rb:663:in `exec_query'
  activerecord (3.2.8) lib/active_record/connection_adapters/postgresql_adapter.rb:1283:in `column_definitions'
  activerecord (3.2.8) lib/active_record/connection_adapters/postgresql_adapter.rb:859:in `columns'
  activerecord (3.2.8) lib/active_record/connection_adapters/schema_cache.rb:12:in `block in initialize'
  activerecord (3.2.8) lib/active_record/model_schema.rb:228:in `yield'
  activerecord (3.2.8) lib/active_record/model_schema.rb:228:in `default'
  activerecord (3.2.8) lib/active_record/model_schema.rb:228:in `columns'
  activerecord (3.2.8) lib/active_record/model_schema.rb:237:in `columns_hash'
  activerecord (3.2.8) lib/active_record/locking/optimistic.rb:129:in `locking_enabled?'
  activerecord (3.2.8) lib/active_record/relation.rb:170:in `exec_queries'
  activerecord (3.2.8) lib/active_record/relation.rb:160:in `block in to_a'
  activerecord (3.2.8) lib/active_record/explain.rb:40:in `logging_query_plan'
  activerecord (3.2.8) lib/active_record/relation.rb:159:in `to_a'
  activerecord (3.2.8) lib/active_record/relation/finder_methods.rb:378:in `find_first'
  activerecord (3.2.8) lib/active_record/relation/finder_methods.rb:122:in `first'
  orm_adapter (0.4.0) lib/orm_adapter/adapters/active_record.rb:17:in `get'
  devise (2.1.2) lib/devise/models/authenticatable.rb:183:in `serialize_from_session'
  devise (2.1.2) lib/devise/rails/warden_compat.rb:29:in `deserialize'
  warden (1.2.1) lib/warden/session_serializer.rb:35:in `fetch'
  warden (1.2.1) lib/warden/proxy.rb:212:in `user'
  warden (1.2.1) lib/warden/proxy.rb:318:in `_perform_authentication'
  warden (1.2.1) lib/warden/proxy.rb:104:in `authenticate'
  warden (1.2.1) lib/warden/proxy.rb:114:in `authenticate?'
  devise (2.1.2) lib/devise/rails/routes.rb:286:in `block in authenticated'
  actionpack (3.2.8) lib/action_dispatch/routing/mapper.rb:31:in `call'
  actionpack (3.2.8) lib/action_dispatch/routing/mapper.rb:31:in `block in matches?'
  actionpack (3.2.8) lib/action_dispatch/routing/mapper.rb:28:in `each'
  actionpack (3.2.8) lib/action_dispatch/routing/mapper.rb:28:in `matches?'
  actionpack (3.2.8) lib/action_dispatch/routing/mapper.rb:42:in `call'
  journey (1.0.4) lib/journey/router.rb:68:in `block in call'
  journey (1.0.4) lib/journey/router.rb:56:in `each'
  journey (1.0.4) lib/journey/router.rb:56:in `call'
  actionpack (3.2.8) lib/action_dispatch/routing/route_set.rb:600:in `call'
  warden (1.2.1) lib/warden/manager.rb:35:in `block in call'
  warden (1.2.1) lib/warden/manager.rb:34:in `catch'
  warden (1.2.1) lib/warden/manager.rb:34:in `call'
  actionpack (3.2.8) lib/action_dispatch/middleware/best_standards_support.rb:17:in `call'
  rack (1.4.1) lib/rack/etag.rb:23:in `call'
  rack (1.4.1) lib/rack/conditionalget.rb:25:in `call'
  actionpack (3.2.8) lib/action_dispatch/middleware/head.rb:14:in `call'
  actionpack (3.2.8) lib/action_dispatch/middleware/params_parser.rb:21:in `call'
  actionpack (3.2.8) lib/action_dispatch/middleware/flash.rb:242:in `call'
  rack (1.4.1) lib/rack/session/abstract/id.rb:205:in `context'
  rack (1.4.1) lib/rack/session/abstract/id.rb:200:in `call'
  actionpack (3.2.8) lib/action_dispatch/middleware/cookies.rb:339:in `call'
  activerecord (3.2.8) lib/active_record/query_cache.rb:64:in `call'
  activerecord (3.2.8) lib/active_record/connection_adapters/abstract/connection_pool.rb:473:in `call'
  actionpack (3.2.8) lib/action_dispatch/middleware/callbacks.rb:28:in `block in call'
  activesupport (3.2.8) lib/active_support/callbacks.rb:405:in `_run__2575275319212010014__call__2730836987815207878__callbacks'
  activesupport (3.2.8) lib/active_support/callbacks.rb:405:in `__run_callback'
  activesupport (3.2.8) lib/active_support/callbacks.rb:385:in `_run_call_callbacks'
  activesupport (3.2.8) lib/active_support/callbacks.rb:81:in `run_callbacks'
  actionpack (3.2.8) lib/action_dispatch/middleware/callbacks.rb:27:in `call'
  actionpack (3.2.8) lib/action_dispatch/middleware/remote_ip.rb:31:in `call'
  actionpack (3.2.8) lib/action_dispatch/middleware/debug_exceptions.rb:16:in `call'
  actionpack (3.2.8) lib/action_dispatch/middleware/show_exceptions.rb:56:in `call'
  railties (3.2.8) lib/rails/rack/logger.rb:26:in `call_app'
  railties (3.2.8) lib/rails/rack/logger.rb:16:in `call'
  actionpack (3.2.8) lib/action_dispatch/middleware/request_id.rb:22:in `call'
  rack (1.4.1) lib/rack/methodoverride.rb:21:in `call'
  rack (1.4.1) lib/rack/runtime.rb:17:in `call'
  activesupport (3.2.8) lib/active_support/cache/strategy/local_cache.rb:72:in `call'
  rack (1.4.1) lib/rack/lock.rb:15:in `call'
  rack-cache (1.2) lib/rack/cache/context.rb:136:in `forward'
  rack-cache (1.2) lib/rack/cache/context.rb:245:in `fetch'
  rack-cache (1.2) lib/rack/cache/context.rb:185:in `lookup'
  rack-cache (1.2) lib/rack/cache/context.rb:66:in `call!'
  rack-cache (1.2) lib/rack/cache/context.rb:51:in `call'
  railties (3.2.8) lib/rails/engine.rb:479:in `call'
  railties (3.2.8) lib/rails/application.rb:223:in `call'
  rack (1.4.1) lib/rack/content_length.rb:14:in `call'
  railties (3.2.8) lib/rails/rack/log_tailer.rb:17:in `call'
  thin (1.4.1) lib/thin/connection.rb:80:in `block in pre_process'
  thin (1.4.1) lib/thin/connection.rb:78:in `catch'
  thin (1.4.1) lib/thin/connection.rb:78:in `pre_process'
  thin (1.4.1) lib/thin/connection.rb:53:in `process'
  thin (1.4.1) lib/thin/connection.rb:38:in `receive_data'
  eventmachine (1.0.0) lib/eventmachine.rb:187:in `run_machine'
  eventmachine (1.0.0) lib/eventmachine.rb:187:in `run'
  thin (1.4.1) lib/thin/backends/base.rb:63:in `start'
  thin (1.4.1) lib/thin/server.rb:159:in `start'
  rack (1.4.1) lib/rack/handler/thin.rb:13:in `run'
  rack (1.4.1) lib/rack/server.rb:265:in `start'
  railties (3.2.8) lib/rails/commands/server.rb:70:in `start'
  railties (3.2.8) lib/rails/commands.rb:55:in `block in <top (required)>'
  railties (3.2.8) lib/rails/commands.rb:50:in `tap'
  railties (3.2.8) lib/rails/commands.rb:50:in `<top (required)>'
  script/rails:6:in `require'
  script/rails:6:in `<main>'


Connecting to database specified by database.yml
Migrating to DeviseCreateUsers (20120418171104)
Migrating to RolifyCreateRoles (20120418171110)
Migrating to AddNameToUsers (20120418171112)
Migrating to CreateShots (20120913201520)
Migrating to AddAttachmentShotToShots (20120913213322)
Migrating to CreateLikes (20120913221453)
Migrating to CreateComments (20120913231502)
Migrating to ActsAsTaggableOnMigration (20120914003551)
Migrating to CreateFollows (20120914025959)
Migrating to CreateMentions (20120914030001)
Connecting to database specified by database.yml
Connecting to database specified by database.yml


Started GET "/" for 127.0.0.1 at 2012-09-14 02:58:50 -0430
Processing by ShotsController#index as HTML
  Rendered shots/index.html.erb within layouts/application (9.1ms)
  Rendered layouts/_navigation.html.erb (1.3ms)
  Rendered layouts/_messages.html.erb (0.4ms)
Completed 200 OK in 117ms (Views: 114.9ms | ActiveRecord: 0.9ms)


Started GET "/assets/application-e949325d76670b9a308470b52460becb.css" for 127.0.0.1 at 2012-09-14 02:58:50 -0430
Served asset /application-e949325d76670b9a308470b52460becb.css - 200 OK (26ms)


Started GET "/assets/jquery-1.3.1.min.js" for 127.0.0.1 at 2012-09-14 02:58:50 -0430
Served asset /jquery-1.3.1.min.js - 404 Not Found (1ms)

ActionController::RoutingError (No route matches [GET] "/assets/jquery-1.3.1.min.js"):
  actionpack (3.2.8) lib/action_dispatch/middleware/debug_exceptions.rb:21:in `call'
  actionpack (3.2.8) lib/action_dispatch/middleware/show_exceptions.rb:56:in `call'
  railties (3.2.8) lib/rails/rack/logger.rb:26:in `call_app'
  railties (3.2.8) lib/rails/rack/logger.rb:16:in `call'
  actionpack (3.2.8) lib/action_dispatch/middleware/request_id.rb:22:in `call'
  rack (1.4.1) lib/rack/methodoverride.rb:21:in `call'
  rack (1.4.1) lib/rack/runtime.rb:17:in `call'
  activesupport (3.2.8) lib/active_support/cache/strategy/local_cache.rb:72:in `call'
  rack (1.4.1) lib/rack/lock.rb:15:in `call'
  rack-cache (1.2) lib/rack/cache/context.rb:136:in `forward'
  rack-cache (1.2) lib/rack/cache/context.rb:245:in `fetch'
  rack-cache (1.2) lib/rack/cache/context.rb:185:in `lookup'
  rack-cache (1.2) lib/rack/cache/context.rb:66:in `call!'
  rack-cache (1.2) lib/rack/cache/context.rb:51:in `call'
  railties (3.2.8) lib/rails/engine.rb:479:in `call'
  railties (3.2.8) lib/rails/application.rb:223:in `call'
  rack (1.4.1) lib/rack/content_length.rb:14:in `call'
  railties (3.2.8) lib/rails/rack/log_tailer.rb:17:in `call'
  thin (1.4.1) lib/thin/connection.rb:80:in `block in pre_process'
  thin (1.4.1) lib/thin/connection.rb:78:in `catch'
  thin (1.4.1) lib/thin/connection.rb:78:in `pre_process'
  thin (1.4.1) lib/thin/connection.rb:53:in `process'
  thin (1.4.1) lib/thin/connection.rb:38:in `receive_data'
  eventmachine (1.0.0) lib/eventmachine.rb:187:in `run_machine'
  eventmachine (1.0.0) lib/eventmachine.rb:187:in `run'
  thin (1.4.1) lib/thin/backends/base.rb:63:in `start'
  thin (1.4.1) lib/thin/server.rb:159:in `start'
  rack (1.4.1) lib/rack/handler/thin.rb:13:in `run'
  rack (1.4.1) lib/rack/server.rb:265:in `start'
  railties (3.2.8) lib/rails/commands/server.rb:70:in `start'
  railties (3.2.8) lib/rails/commands.rb:55:in `block in <top (required)>'
  railties (3.2.8) lib/rails/commands.rb:50:in `tap'
  railties (3.2.8) lib/rails/commands.rb:50:in `<top (required)>'
  script/rails:6:in `require'
  script/rails:6:in `<main>'




Started GET "/assets/jquery.Jcrop.min.js" for 127.0.0.1 at 2012-09-14 02:58:50 -0430
Served asset /jquery.Jcrop.min.js - 404 Not Found (1ms)

ActionController::RoutingError (No route matches [GET] "/assets/jquery.Jcrop.min.js"):
  actionpack (3.2.8) lib/action_dispatch/middleware/debug_exceptions.rb:21:in `call'
  actionpack (3.2.8) lib/action_dispatch/middleware/show_exceptions.rb:56:in `call'
  railties (3.2.8) lib/rails/rack/logger.rb:26:in `call_app'
  railties (3.2.8) lib/rails/rack/logger.rb:16:in `call'
  actionpack (3.2.8) lib/action_dispatch/middleware/request_id.rb:22:in `call'
  rack (1.4.1) lib/rack/methodoverride.rb:21:in `call'
  rack (1.4.1) lib/rack/runtime.rb:17:in `call'
  activesupport (3.2.8) lib/active_support/cache/strategy/local_cache.rb:72:in `call'
  rack (1.4.1) lib/rack/lock.rb:15:in `call'
  rack-cache (1.2) lib/rack/cache/context.rb:136:in `forward'
  rack-cache (1.2) lib/rack/cache/context.rb:245:in `fetch'
  rack-cache (1.2) lib/rack/cache/context.rb:185:in `lookup'
  rack-cache (1.2) lib/rack/cache/context.rb:66:in `call!'
  rack-cache (1.2) lib/rack/cache/context.rb:51:in `call'
  railties (3.2.8) lib/rails/engine.rb:479:in `call'
  railties (3.2.8) lib/rails/application.rb:223:in `call'
  rack (1.4.1) lib/rack/content_length.rb:14:in `call'
  railties (3.2.8) lib/rails/rack/log_tailer.rb:17:in `call'
  thin (1.4.1) lib/thin/connection.rb:80:in `block in pre_process'
  thin (1.4.1) lib/thin/connection.rb:78:in `catch'
  thin (1.4.1) lib/thin/connection.rb:78:in `pre_process'
  thin (1.4.1) lib/thin/connection.rb:53:in `process'
  thin (1.4.1) lib/thin/connection.rb:38:in `receive_data'
  eventmachine (1.0.0) lib/eventmachine.rb:187:in `run_machine'
  eventmachine (1.0.0) lib/eventmachine.rb:187:in `run'
  thin (1.4.1) lib/thin/backends/base.rb:63:in `start'
  thin (1.4.1) lib/thin/server.rb:159:in `start'
  rack (1.4.1) lib/rack/handler/thin.rb:13:in `run'
  rack (1.4.1) lib/rack/server.rb:265:in `start'
  railties (3.2.8) lib/rails/commands/server.rb:70:in `start'
  railties (3.2.8) lib/rails/commands.rb:55:in `block in <top (required)>'
  railties (3.2.8) lib/rails/commands.rb:50:in `tap'
  railties (3.2.8) lib/rails/commands.rb:50:in `<top (required)>'
  script/rails:6:in `require'
  script/rails:6:in `<main>'




Started GET "/assets/jquery.Jcrop.css" for 127.0.0.1 at 2012-09-14 02:58:50 -0430
Served asset /jquery.Jcrop.css - 404 Not Found (1ms)

ActionController::RoutingError (No route matches [GET] "/assets/jquery.Jcrop.css"):
  actionpack (3.2.8) lib/action_dispatch/middleware/debug_exceptions.rb:21:in `call'
  actionpack (3.2.8) lib/action_dispatch/middleware/show_exceptions.rb:56:in `call'
  railties (3.2.8) lib/rails/rack/logger.rb:26:in `call_app'
  railties (3.2.8) lib/rails/rack/logger.rb:16:in `call'
  actionpack (3.2.8) lib/action_dispatch/middleware/request_id.rb:22:in `call'
  rack (1.4.1) lib/rack/methodoverride.rb:21:in `call'
  rack (1.4.1) lib/rack/runtime.rb:17:in `call'
  activesupport (3.2.8) lib/active_support/cache/strategy/local_cache.rb:72:in `call'
  rack (1.4.1) lib/rack/lock.rb:15:in `call'
  rack-cache (1.2) lib/rack/cache/context.rb:136:in `forward'
  rack-cache (1.2) lib/rack/cache/context.rb:245:in `fetch'
  rack-cache (1.2) lib/rack/cache/context.rb:185:in `lookup'
  rack-cache (1.2) lib/rack/cache/context.rb:66:in `call!'
  rack-cache (1.2) lib/rack/cache/context.rb:51:in `call'
  railties (3.2.8) lib/rails/engine.rb:479:in `call'
  railties (3.2.8) lib/rails/application.rb:223:in `call'
  rack (1.4.1) lib/rack/content_length.rb:14:in `call'
  railties (3.2.8) lib/rails/rack/log_tailer.rb:17:in `call'
  thin (1.4.1) lib/thin/connection.rb:80:in `block in pre_process'
  thin (1.4.1) lib/thin/connection.rb:78:in `catch'
  thin (1.4.1) lib/thin/connection.rb:78:in `pre_process'
  thin (1.4.1) lib/thin/connection.rb:53:in `process'
  thin (1.4.1) lib/thin/connection.rb:38:in `receive_data'
  eventmachine (1.0.0) lib/eventmachine.rb:187:in `run_machine'
  eventmachine (1.0.0) lib/eventmachine.rb:187:in `run'
  thin (1.4.1) lib/thin/backends/base.rb:63:in `start'
  thin (1.4.1) lib/thin/server.rb:159:in `start'
  rack (1.4.1) lib/rack/handler/thin.rb:13:in `run'
  rack (1.4.1) lib/rack/server.rb:265:in `start'
  railties (3.2.8) lib/rails/commands/server.rb:70:in `start'
  railties (3.2.8) lib/rails/commands.rb:55:in `block in <top (required)>'
  railties (3.2.8) lib/rails/commands.rb:50:in `tap'
  railties (3.2.8) lib/rails/commands.rb:50:in `<top (required)>'
  script/rails:6:in `require'
  script/rails:6:in `<main>'




Started GET "/assets/jquery-rails.js" for 127.0.0.1 at 2012-09-14 02:58:50 -0430
Served asset /jquery-rails.js - 404 Not Found (0ms)

ActionController::RoutingError (No route matches [GET] "/assets/jquery-rails.js"):
  actionpack (3.2.8) lib/action_dispatch/middleware/debug_exceptions.rb:21:in `call'
  actionpack (3.2.8) lib/action_dispatch/middleware/show_exceptions.rb:56:in `call'
  railties (3.2.8) lib/rails/rack/logger.rb:26:in `call_app'
  railties (3.2.8) lib/rails/rack/logger.rb:16:in `call'
  actionpack (3.2.8) lib/action_dispatch/middleware/request_id.rb:22:in `call'
  rack (1.4.1) lib/rack/methodoverride.rb:21:in `call'
  rack (1.4.1) lib/rack/runtime.rb:17:in `call'
  activesupport (3.2.8) lib/active_support/cache/strategy/local_cache.rb:72:in `call'
  rack (1.4.1) lib/rack/lock.rb:15:in `call'
  rack-cache (1.2) lib/rack/cache/context.rb:136:in `forward'
  rack-cache (1.2) lib/rack/cache/context.rb:245:in `fetch'
  rack-cache (1.2) lib/rack/cache/context.rb:185:in `lookup'
  rack-cache (1.2) lib/rack/cache/context.rb:66:in `call!'
  rack-cache (1.2) lib/rack/cache/context.rb:51:in `call'
  railties (3.2.8) lib/rails/engine.rb:479:in `call'
  railties (3.2.8) lib/rails/application.rb:223:in `call'
  rack (1.4.1) lib/rack/content_length.rb:14:in `call'
  railties (3.2.8) lib/rails/rack/log_tailer.rb:17:in `call'
  thin (1.4.1) lib/thin/connection.rb:80:in `block in pre_process'
  thin (1.4.1) lib/thin/connection.rb:78:in `catch'
  thin (1.4.1) lib/thin/connection.rb:78:in `pre_process'
  thin (1.4.1) lib/thin/connection.rb:53:in `process'
  thin (1.4.1) lib/thin/connection.rb:38:in `receive_data'
  eventmachine (1.0.0) lib/eventmachine.rb:187:in `run_machine'
  eventmachine (1.0.0) lib/eventmachine.rb:187:in `run'
  thin (1.4.1) lib/thin/backends/base.rb:63:in `start'
  thin (1.4.1) lib/thin/server.rb:159:in `start'
  rack (1.4.1) lib/rack/handler/thin.rb:13:in `run'
  rack (1.4.1) lib/rack/server.rb:265:in `start'
  railties (3.2.8) lib/rails/commands/server.rb:70:in `start'
  railties (3.2.8) lib/rails/commands.rb:55:in `block in <top (required)>'
  railties (3.2.8) lib/rails/commands.rb:50:in `tap'
  railties (3.2.8) lib/rails/commands.rb:50:in `<top (required)>'
  script/rails:6:in `require'
  script/rails:6:in `<main>'


